<?xml version="1.0" encoding="UTF-8"?>
<!-- Generated by org.testng.reporters.JUnitReportReporter -->
<testsuite hostname="Jaheds-MacBook-Pro.local" failures="0" tests="1" name="com.Facebookqaf.runners.TestRunner" time="8.807" errors="0" timestamp="25 Feb 2022 07:03:14 GMT" skipped="0">
  <testcase classname="com.Facebookqaf.runners.TestRunner" name="runScenario" time="8.807"/>
</testsuite> <!-- com.Facebookqaf.runners.TestRunner -->
