<?xml version="1.0" encoding="UTF-8"?>
<!-- Generated by org.testng.reporters.JUnitReportReporter -->
<testsuite hostname="Jaheds-MacBook-Pro.local" failures="0" tests="1" name="com.Facebookqaf.runners.TestRunner" time="0.149" errors="0" timestamp="23 Feb 2022 05:01:12 GMT" skipped="0">
  <testcase classname="com.Facebookqaf.runners.TestRunner" name="runScenario" time="0.149"/>
</testsuite> <!-- com.Facebookqaf.runners.TestRunner -->
